<?xml version="1.0" encoding="utf-8"?><testsuites name="pytest tests"><testsuite name="pytest" errors="0" failures="0" skipped="0" tests="13" time="43.978" timestamp="2026-02-12T19:08:56.703052+00:00" hostname="agent-env-4fa64339-b08f-4dd9-b7e5-51c45bbb2baf"><testcase classname="tests.test_admin_and_consular.TestSuperAdminAuth" name="test_super_admin_login_success" time="0.302" /><testcase classname="tests.test_admin_and_consular.TestSuperAdminAuth" name="test_super_admin_login_invalid_credentials" time="0.045" /><testcase classname="tests.test_admin_and_consular.TestAdminDashboardEndpoints" name="test_admin_dashboard_endpoint" time="0.309" /><testcase classname="tests.test_admin_and_consular.TestAdminDashboardEndpoints" name="test_admin_escalations_endpoint" time="0.306" /><testcase classname="tests.test_admin_and_consular.TestAdminDashboardEndpoints" name="test_admin_knowledge_endpoint" time="0.313" /><testcase classname="tests.test_admin_and_consular.TestAdminDashboardEndpoints" name="test_admin_observability_endpoint" time="0.350" /><testcase classname="tests.test_admin_and_consular.TestAdminDashboardEndpoints" name="test_admin_endpoints_require_auth" time="0.422" /><testcase classname="tests.test_admin_and_consular.TestConsularVoiceInput" name="test_voice_input_accepts_audio_files" time="5.793" /><testcase classname="tests.test_admin_and_consular.TestConsularVoiceInput" name="test_voice_input_rejects_invalid_format" time="0.051" /><testcase classname="tests.test_admin_and_consular.TestConsularDocumentScan" name="test_document_scan_processes_images" time="3.002" /><testcase classname="tests.test_admin_and_consular.TestConsularDocumentScan" name="test_document_scan_handles_different_types" time="8.445" /><testcase classname="tests.test_admin_and_consular.TestConsularChat" name="test_chat_endpoint_works" time="7.017" /><testcase classname="tests.test_admin_and_consular.TestConsularChat" name="test_chat_with_different_languages" time="17.550" /></testsuite></testsuites>