<?xml version="1.0" encoding="utf-8"?><testsuites name="pytest tests"><testsuite name="pytest" errors="0" failures="0" skipped="0" tests="20" time="36.336" timestamp="2026-02-01T12:17:33.806756+00:00" hostname="agent-env-582bb7dd-16c2-4b3c-b9ac-ad611845388d"><testcase classname="backend.tests.test_enhanced_features.TestExtendedProfile" name="test_create_profile_with_extended_fields" time="3.730" /><testcase classname="backend.tests.test_enhanced_features.TestExtendedProfile" name="test_update_profile_extended_fields" time="0.123" /><testcase classname="backend.tests.test_enhanced_features.TestFamilyMemberLinking" name="test_add_family_member" time="0.123" /><testcase classname="backend.tests.test_enhanced_features.TestFamilyMemberLinking" name="test_get_family_members" time="0.171" /><testcase classname="backend.tests.test_enhanced_features.TestFamilyMemberLinking" name="test_family_member_not_found" time="0.040" /><testcase classname="backend.tests.test_enhanced_features.TestDocumentValidityTracking" name="test_add_document_original_passport" time="0.043" /><testcase classname="backend.tests.test_enhanced_features.TestDocumentValidityTracking" name="test_add_document_copy_90_day_rule" time="0.043" /><testcase classname="backend.tests.test_enhanced_features.TestDocumentValidityTracking" name="test_add_document_expired_copy" time="0.040" /><testcase classname="backend.tests.test_enhanced_features.TestDocumentValidityTracking" name="test_add_document_birth_certificate_permanent" time="0.042" /><testcase classname="backend.tests.test_enhanced_features.TestDocumentValidityTracking" name="test_add_document_death_certificate_permanent" time="0.051" /><testcase classname="backend.tests.test_enhanced_features.TestDocumentValidityTracking" name="test_add_document_marriage_certificate_affidavit" time="0.046" /><testcase classname="backend.tests.test_enhanced_features.TestDocumentValidityTracking" name="test_get_documents_with_summary" time="0.037" /><testcase classname="backend.tests.test_enhanced_features.TestExistingTestProfile" name="test_existing_profile_has_extended_fields" time="0.045" /><testcase classname="backend.tests.test_enhanced_features.TestExistingTestProfile" name="test_existing_profile_has_family_member" time="0.037" /><testcase classname="backend.tests.test_enhanced_features.TestExistingTestProfile" name="test_existing_profile_documents_validity" time="0.039" /><testcase classname="backend.tests.test_enhanced_features.TestFeedbackEndpoint" name="test_submit_positive_feedback" time="0.044" /><testcase classname="backend.tests.test_enhanced_features.TestFeedbackEndpoint" name="test_submit_negative_feedback" time="0.042" /><testcase classname="backend.tests.test_enhanced_features.TestChatMultiLanguage" name="test_chat_english" time="11.581" /><testcase classname="backend.tests.test_enhanced_features.TestChatMultiLanguage" name="test_chat_hindi" time="10.258" /><testcase classname="backend.tests.test_enhanced_features.TestChatMultiLanguage" name="test_chat_tamil" time="9.710" /></testsuite></testsuites>