<?xml version="1.0" encoding="utf-8"?><testsuites name="pytest tests"><testsuite name="pytest" errors="0" failures="2" skipped="0" tests="22" time="3.384" timestamp="2026-02-01T12:56:44.511942+00:00" hostname="agent-env-582bb7dd-16c2-4b3c-b9ac-ad611845388d"><testcase classname="backend.tests.test_form_filling.TestFormFillingConsent" name="test_initial_consent_prompt" time="0.065" /><testcase classname="backend.tests.test_form_filling.TestFormFillingConsent" name="test_consent_yes_starts_form" time="0.091" /><testcase classname="backend.tests.test_form_filling.TestFormFillingConsent" name="test_profile_not_found_error" time="0.042" /><testcase classname="backend.tests.test_form_filling.TestFormFillingConsent" name="test_invalid_service_type_error" time="0.043" /><testcase classname="backend.tests.test_form_filling.TestFormFillingStepByStep" name="test_yes_confirms_and_advances" time="0.118" /><testcase classname="backend.tests.test_form_filling.TestFormFillingStepByStep" name="test_no_enters_edit_mode" time="0.118" /><testcase classname="backend.tests.test_form_filling.TestFormFillingStepByStep" name="test_manual_value_input" time="0.146" /><testcase classname="backend.tests.test_form_filling.TestFormFillingStepByStep" name="test_progress_tracking" time="0.212" /><testcase classname="backend.tests.test_form_filling.TestFormFillingStopContinue" name="test_stop_pauses_application" time="0.152" /><testcase classname="backend.tests.test_form_filling.TestFormFillingStopContinue" name="test_pause_command_works" time="0.146" /><testcase classname="backend.tests.test_form_filling.TestFormFillingStopContinue" name="test_wait_command_works" time="0.195" /><testcase classname="backend.tests.test_form_filling.TestFormFillingReviewSubmit" name="test_review_mode_after_all_fields" time="0.495"><failure message="AssertionError: assert 'in_progress' == 'review'&#10;  &#10;  - review&#10;  + in_progress">backend/tests/test_form_filling.py:311: in test_review_mode_after_all_fields
    assert data["status"] == "review"
E   AssertionError: assert 'in_progress' == 'review'
E     
E     - review
E     + in_progress</failure></testcase><testcase classname="backend.tests.test_form_filling.TestFormFillingReviewSubmit" name="test_submit_generates_application_id" time="0.600"><failure message="AssertionError: assert 'in_progress' == 'completed'&#10;  &#10;  - completed&#10;  + in_progress">backend/tests/test_form_filling.py:354: in test_submit_generates_application_id
    assert data["status"] == "completed"
E   AssertionError: assert 'in_progress' == 'completed'
E     
E     - completed
E     + in_progress</failure></testcase><testcase classname="backend.tests.test_form_filling.TestFormFillingServiceTypes" name="test_passport_renewal_template" time="0.080" /><testcase classname="backend.tests.test_form_filling.TestFormFillingServiceTypes" name="test_tourist_visa_template" time="0.082" /><testcase classname="backend.tests.test_form_filling.TestFormFillingServiceTypes" name="test_oci_application_template" time="0.090" /><testcase classname="backend.tests.test_form_filling.TestFormFillingServiceTypes" name="test_birth_registration_template" time="0.080" /><testcase classname="backend.tests.test_form_filling.TestFormFillingServiceTypes" name="test_pcc_application_template" time="0.087" /><testcase classname="backend.tests.test_form_filling.TestFormSessionPersistence" name="test_session_persists_form_data" time="0.147" /><testcase classname="backend.tests.test_form_filling.TestFormSessionPersistence" name="test_session_not_found" time="0.040" /><testcase classname="backend.tests.test_form_filling.TestFormFillingEdgeCases" name="test_alternate_yes_commands" time="0.112" /><testcase classname="backend.tests.test_form_filling.TestFormFillingEdgeCases" name="test_alternate_no_commands" time="0.150" /></testsuite></testsuites>