<?xml version="1.0" encoding="utf-8"?><testsuites name="pytest tests"><testsuite name="pytest" errors="0" failures="5" skipped="0" tests="26" time="232.938" timestamp="2026-02-17T20:20:36.765583+00:00" hostname="agent-env-4fa64339-b08f-4dd9-b7e5-51c45bbb2baf"><testcase classname="tests.test_negative_scenarios.TestNegativeScenarios" name="test_empty_message_submission" time="6.950" /><testcase classname="tests.test_negative_scenarios.TestNegativeScenarios" name="test_whitespace_only_message" time="5.146" /><testcase classname="tests.test_negative_scenarios.TestNegativeScenarios" name="test_very_long_message" time="4.988" /><testcase classname="tests.test_negative_scenarios.TestNegativeScenarios" name="test_extremely_long_message" time="5.045" /><testcase classname="tests.test_negative_scenarios.TestNegativeScenarios" name="test_invalid_file_type_voice_input" time="0.180"><failure message="AssertionError: Expected 400, got 422&#10;assert 422 == 400&#10; +  where 422 = &lt;Response [422]&gt;.status_code">tests/test_negative_scenarios.py:119: in test_invalid_file_type_voice_input
    assert response.status_code == 400, f"Expected 400, got {response.status_code}"
E   AssertionError: Expected 400, got 422
E   assert 422 == 400
E    +  where 422 = &lt;Response [422]&gt;.status_code</failure></testcase><testcase classname="tests.test_negative_scenarios.TestNegativeScenarios" name="test_invalid_file_type_exe" time="0.203"><failure message="assert 422 == 400&#10; +  where 422 = &lt;Response [422]&gt;.status_code">tests/test_negative_scenarios.py:132: in test_invalid_file_type_exe
    assert response.status_code == 400
E   assert 422 == 400
E    +  where 422 = &lt;Response [422]&gt;.status_code</failure></testcase><testcase classname="tests.test_negative_scenarios.TestNegativeScenarios" name="test_large_file_rejection" time="0.475"><failure message="AssertionError: Expected 400/413, got 422&#10;assert 422 in [400, 413]&#10; +  where 422 = &lt;Response [422]&gt;.status_code">tests/test_negative_scenarios.py:152: in test_large_file_rejection
    assert response.status_code in [400, 413], f"Expected 400/413, got {response.status_code}"
E   AssertionError: Expected 400/413, got 422
E   assert 422 in [400, 413]
E    +  where 422 = &lt;Response [422]&gt;.status_code</failure></testcase><testcase classname="tests.test_negative_scenarios.TestNegativeScenarios" name="test_malformed_json_chat" time="0.123" /><testcase classname="tests.test_negative_scenarios.TestNegativeScenarios" name="test_missing_required_fields" time="0.118" /><testcase classname="tests.test_negative_scenarios.TestNegativeScenarios" name="test_wrong_data_types" time="0.132" /><testcase classname="tests.test_negative_scenarios.TestNegativeScenarios" name="test_invalid_auth_token_admin_dashboard" time="0.455" /><testcase classname="tests.test_negative_scenarios.TestNegativeScenarios" name="test_expired_token_format" time="0.116" /><testcase classname="tests.test_negative_scenarios.TestNegativeScenarios" name="test_no_auth_header" time="0.165" /><testcase classname="tests.test_negative_scenarios.TestNegativeScenarios" name="test_wrong_auth_scheme" time="0.223" /><testcase classname="tests.test_negative_scenarios.TestNegativeScenarios" name="test_rate_limiting" time="172.367" /><testcase classname="tests.test_negative_scenarios.TestNegativeScenarios" name="test_error_report_endpoint" time="0.285" /><testcase classname="tests.test_negative_scenarios.TestNegativeScenarios" name="test_error_report_critical_severity" time="0.247" /><testcase classname="tests.test_negative_scenarios.TestNegativeScenarios" name="test_chat_functionality_e2e" time="6.862" /><testcase classname="tests.test_negative_scenarios.TestNegativeScenarios" name="test_admin_error_reports_list" time="1.051" /><testcase classname="tests.test_negative_scenarios.TestNegativeScenarios" name="test_sql_injection_attempt" time="0.135" /><testcase classname="tests.test_negative_scenarios.TestNegativeScenarios" name="test_xss_attempt" time="6.133"><failure message="AssertionError: assert '&lt;script&gt;' not in '**Hello!**\...improvement.'&#10;  &#10;  '&lt;script&gt;' is contained here:&#10;    **Hello!**&#10;    &#10;    **Your Query:** You sent a message containing a script tag (`&lt;script&gt;alert('XSS')&lt;/script&gt;`).&#10;  ?                                                              ++++++++&#10;    ...&#10;  &#10;  ...Full output truncated (24 lines hidden), use '-vv' to show">tests/test_negative_scenarios.py:379: in test_xss_attempt
    assert "&lt;script&gt;" not in data.get("response", "")
E   AssertionError: assert '&lt;script&gt;' not in '**Hello!**\...improvement.'
E     
E     '&lt;script&gt;' is contained here:
E       **Hello!**
E       
E       **Your Query:** You sent a message containing a script tag (`&lt;script&gt;alert('XSS')&lt;/script&gt;`).
E     ?                                                              ++++++++
E       ...
E     
E     ...Full output truncated (24 lines hidden), use '-vv' to show</failure></testcase><testcase classname="tests.test_negative_scenarios.TestNegativeScenarios" name="test_unicode_handling" time="6.202" /><testcase classname="tests.test_negative_scenarios.TestNegativeScenarios" name="test_special_characters" time="3.922" /><testcase classname="tests.test_negative_scenarios.TestNegativeScenarios" name="test_document_scan_invalid_base64" time="5.579"><failure message="assert 520 in [200, 400, 500]&#10; +  where 520 = &lt;Response [520]&gt;.status_code">tests/test_negative_scenarios.py:417: in test_document_scan_invalid_base64
    assert response.status_code in [200, 400, 500]
E   assert 520 in [200, 400, 500]
E    +  where 520 = &lt;Response [520]&gt;.status_code</failure></testcase><testcase classname="tests.test_negative_scenarios.TestNegativeScenarios" name="test_invalid_session_id_format" time="5.217" /><testcase classname="tests.test_negative_scenarios.TestDocumentServiceValidation" name="test_allowed_mime_types" time="0.493" /></testsuite></testsuites>