<?xml version="1.0" encoding="utf-8"?><testsuites name="pytest tests"><testsuite name="pytest" errors="0" failures="0" skipped="0" tests="26" time="231.239" timestamp="2026-02-17T20:25:11.187981+00:00" hostname="agent-env-4fa64339-b08f-4dd9-b7e5-51c45bbb2baf"><testcase classname="tests.test_negative_scenarios.TestNegativeScenarios" name="test_empty_message_submission" time="5.227" /><testcase classname="tests.test_negative_scenarios.TestNegativeScenarios" name="test_whitespace_only_message" time="6.866" /><testcase classname="tests.test_negative_scenarios.TestNegativeScenarios" name="test_very_long_message" time="5.473" /><testcase classname="tests.test_negative_scenarios.TestNegativeScenarios" name="test_extremely_long_message" time="4.924" /><testcase classname="tests.test_negative_scenarios.TestNegativeScenarios" name="test_invalid_file_type_voice_input" time="0.163" /><testcase classname="tests.test_negative_scenarios.TestNegativeScenarios" name="test_invalid_file_type_exe" time="0.173" /><testcase classname="tests.test_negative_scenarios.TestNegativeScenarios" name="test_large_file_rejection" time="1.103" /><testcase classname="tests.test_negative_scenarios.TestNegativeScenarios" name="test_malformed_json_chat" time="0.178" /><testcase classname="tests.test_negative_scenarios.TestNegativeScenarios" name="test_missing_required_fields" time="0.264" /><testcase classname="tests.test_negative_scenarios.TestNegativeScenarios" name="test_wrong_data_types" time="0.169" /><testcase classname="tests.test_negative_scenarios.TestNegativeScenarios" name="test_invalid_auth_token_admin_dashboard" time="0.123" /><testcase classname="tests.test_negative_scenarios.TestNegativeScenarios" name="test_expired_token_format" time="0.151" /><testcase classname="tests.test_negative_scenarios.TestNegativeScenarios" name="test_no_auth_header" time="0.179" /><testcase classname="tests.test_negative_scenarios.TestNegativeScenarios" name="test_wrong_auth_scheme" time="0.162" /><testcase classname="tests.test_negative_scenarios.TestNegativeScenarios" name="test_rate_limiting" time="172.621" /><testcase classname="tests.test_negative_scenarios.TestNegativeScenarios" name="test_error_report_endpoint" time="0.295" /><testcase classname="tests.test_negative_scenarios.TestNegativeScenarios" name="test_error_report_critical_severity" time="0.175" /><testcase classname="tests.test_negative_scenarios.TestNegativeScenarios" name="test_chat_functionality_e2e" time="6.417" /><testcase classname="tests.test_negative_scenarios.TestNegativeScenarios" name="test_admin_error_reports_list" time="0.473" /><testcase classname="tests.test_negative_scenarios.TestNegativeScenarios" name="test_sql_injection_attempt" time="0.123" /><testcase classname="tests.test_negative_scenarios.TestNegativeScenarios" name="test_xss_attempt" time="5.342" /><testcase classname="tests.test_negative_scenarios.TestNegativeScenarios" name="test_unicode_handling" time="5.162" /><testcase classname="tests.test_negative_scenarios.TestNegativeScenarios" name="test_special_characters" time="4.665" /><testcase classname="tests.test_negative_scenarios.TestNegativeScenarios" name="test_document_scan_invalid_base64" time="5.092" /><testcase classname="tests.test_negative_scenarios.TestNegativeScenarios" name="test_invalid_session_id_format" time="5.118" /><testcase classname="tests.test_negative_scenarios.TestDocumentServiceValidation" name="test_allowed_mime_types" time="0.516" /></testsuite></testsuites>