<?xml version="1.0" encoding="utf-8"?><testsuites name="pytest tests"><testsuite name="pytest" errors="0" failures="0" skipped="0" tests="18" time="53.667" timestamp="2026-02-01T11:55:52.267762+00:00" hostname="agent-env-582bb7dd-16c2-4b3c-b9ac-ad611845388d"><testcase classname="backend.tests.test_profile_api.TestProfileCreation" name="test_create_profile_success" time="4.904" /><testcase classname="backend.tests.test_profile_api.TestProfileCreation" name="test_create_profile_duplicate_email" time="0.092" /><testcase classname="backend.tests.test_profile_api.TestProfileCreation" name="test_create_profile_missing_fields" time="0.068" /><testcase classname="backend.tests.test_profile_api.TestProfileRetrieval" name="test_get_profile_success" time="0.075" /><testcase classname="backend.tests.test_profile_api.TestProfileRetrieval" name="test_get_profile_not_found" time="0.037" /><testcase classname="backend.tests.test_profile_api.TestProfileIdFormat" name="test_profile_id_format" time="0.000" /><testcase classname="backend.tests.test_seva_setu_api.TestHealthCheck" name="test_api_health" time="0.040" /><testcase classname="backend.tests.test_seva_setu_api.TestSuperAdminAuth" name="test_super_admin_login_success" time="0.273" /><testcase classname="backend.tests.test_seva_setu_api.TestSuperAdminAuth" name="test_super_admin_login_invalid_credentials" time="0.040" /><testcase classname="backend.tests.test_seva_setu_api.TestConsularChat" name="test_chat_basic_message" time="3.831" /><testcase classname="backend.tests.test_seva_setu_api.TestConsularChat" name="test_chat_passport_query" time="10.054" /><testcase classname="backend.tests.test_seva_setu_api.TestConsularChat" name="test_chat_session_persistence" time="14.973" /><testcase classname="backend.tests.test_seva_setu_api.TestConsularChat" name="test_chat_hindi_language" time="8.938" /><testcase classname="backend.tests.test_seva_setu_api.TestConsularSession" name="test_get_session_not_found" time="0.063" /><testcase classname="backend.tests.test_seva_setu_api.TestConsularSession" name="test_get_session_after_chat" time="4.093" /><testcase classname="backend.tests.test_seva_setu_api.TestFormSubmission" name="test_form_submit" time="5.501" /><testcase classname="backend.tests.test_seva_setu_api.TestUserAuth" name="test_user_register_and_login" time="0.580" /><testcase classname="backend.tests.test_seva_setu_api.TestUserAuth" name="test_user_login_invalid" time="0.046" /></testsuite></testsuites>