<?xml version="1.0" encoding="utf-8"?><testsuites name="pytest tests"><testsuite name="pytest" errors="0" failures="0" skipped="0" tests="13" time="72.602" timestamp="2026-02-01T07:55:55.714719+00:00" hostname="agent-env-f7a8a114-f519-4052-9884-fea8734c5869"><testcase classname="tests.test_seva_setu_api.TestHealthCheck" name="test_api_root_returns_status" time="2.324" /><testcase classname="tests.test_seva_setu_api.TestConsularChatAPI" name="test_chat_endpoint_accepts_post" time="9.709" /><testcase classname="tests.test_seva_setu_api.TestConsularChatAPI" name="test_chat_returns_session_id" time="8.967" /><testcase classname="tests.test_seva_setu_api.TestConsularChatAPI" name="test_chat_response_contains_content" time="17.225" /><testcase classname="tests.test_seva_setu_api.TestConsularChatAPI" name="test_chat_step_is_valid" time="7.358" /><testcase classname="tests.test_seva_setu_api.TestConsularChatAPI" name="test_chat_with_language_parameter" time="8.562" /><testcase classname="tests.test_seva_setu_api.TestSuperAdminAuth" name="test_super_admin_login_success" time="0.283" /><testcase classname="tests.test_seva_setu_api.TestSuperAdminAuth" name="test_super_admin_login_invalid_password" time="0.262" /><testcase classname="tests.test_seva_setu_api.TestSuperAdminAuth" name="test_super_admin_login_invalid_email" time="0.032" /><testcase classname="tests.test_seva_setu_api.TestSessionManagement" name="test_get_session_not_found" time="0.037" /><testcase classname="tests.test_seva_setu_api.TestSessionManagement" name="test_create_and_retrieve_session" time="9.298" /><testcase classname="tests.test_seva_setu_api.TestFormSubmission" name="test_form_submit_endpoint" time="8.412" /><testcase classname="tests.test_seva_setu_api.TestVoiceInput" name="test_voice_input_endpoint_exists" time="0.038" /></testsuite></testsuites>