<?xml version="1.0" encoding="utf-8"?><testsuites name="pytest tests"><testsuite name="pytest" errors="0" failures="0" skipped="0" tests="31" time="117.341" timestamp="2026-02-12T11:08:54.481955+00:00" hostname="agent-env-49450352-0138-4e0e-b2e1-ab139667b8aa"><testcase classname="backend.tests.test_security_features.TestPromptInjectionProtection" name="test_blocks_ignore_previous_instructions" time="4.694" /><testcase classname="backend.tests.test_security_features.TestPromptInjectionProtection" name="test_blocks_disregard_previous" time="6.251" /><testcase classname="backend.tests.test_security_features.TestPromptInjectionProtection" name="test_blocks_role_manipulation" time="0.070" /><testcase classname="backend.tests.test_security_features.TestPromptInjectionProtection" name="test_blocks_system_prompt_extraction" time="0.042" /><testcase classname="backend.tests.test_security_features.TestPromptInjectionProtection" name="test_blocks_jailbreak_attempts" time="0.046" /><testcase classname="backend.tests.test_security_features.TestPromptInjectionProtection" name="test_allows_normal_messages" time="11.249" /><testcase classname="backend.tests.test_security_features.TestPIIMasking" name="test_masks_email_in_response" time="7.228" /><testcase classname="backend.tests.test_security_features.TestPIIMasking" name="test_masks_phone_number" time="5.507" /><testcase classname="backend.tests.test_security_features.TestPIIMasking" name="test_masks_passport_number" time="9.556" /><testcase classname="backend.tests.test_security_features.TestPIIMasking" name="test_masks_aadhaar_number" time="9.240" /><testcase classname="backend.tests.test_security_features.TestPIIMasking" name="test_masks_pan_number" time="7.654" /><testcase classname="backend.tests.test_security_features.TestPIIMasking" name="test_masks_credit_card" time="5.988" /><testcase classname="backend.tests.test_security_features.TestSecurityMetrics" name="test_security_endpoint_returns_200" time="0.096" /><testcase classname="backend.tests.test_security_features.TestSecurityMetrics" name="test_security_endpoint_has_guardrails" time="0.042" /><testcase classname="backend.tests.test_security_features.TestSecurityMetrics" name="test_security_endpoint_has_session_security" time="0.038" /><testcase classname="backend.tests.test_security_features.TestSecurityMetrics" name="test_security_endpoint_has_webhook_security" time="0.083" /><testcase classname="backend.tests.test_security_features.TestSecurityMetrics" name="test_security_endpoint_has_input_sanitization" time="0.040" /><testcase classname="backend.tests.test_security_features.TestSecurityMetrics" name="test_security_endpoint_has_output_validation" time="0.079" /><testcase classname="backend.tests.test_security_features.TestSessionIsolation" name="test_session_id_format_web" time="4.924" /><testcase classname="backend.tests.test_security_features.TestSessionIsolation" name="test_session_id_format_widget" time="1.401" /><testcase classname="backend.tests.test_security_features.TestSessionIsolation" name="test_session_persistence" time="17.803" /><testcase classname="backend.tests.test_security_features.TestSessionIsolation" name="test_different_users_get_different_sessions" time="11.120" /><testcase classname="backend.tests.test_security_features.TestChatEndpoints" name="test_chat_endpoint_works" time="8.818" /><testcase classname="backend.tests.test_security_features.TestChatEndpoints" name="test_chat_widget_endpoint_works" time="2.169" /><testcase classname="backend.tests.test_security_features.TestWebhookEndpoints" name="test_whatsapp_webhook_exists" time="1.815" /><testcase classname="backend.tests.test_security_features.TestWebhookEndpoints" name="test_whatsapp_status_endpoint" time="0.082" /><testcase classname="backend.tests.test_security_features.TestWebhookEndpoints" name="test_facebook_webhook_verify_exists" time="0.042" /><testcase classname="backend.tests.test_security_features.TestWebhookEndpoints" name="test_facebook_webhook_post_exists" time="0.037" /><testcase classname="backend.tests.test_security_features.TestWebhookEndpoints" name="test_facebook_status_endpoint" time="0.040" /><testcase classname="backend.tests.test_security_features.TestHealthEndpoint" name="test_api_root_health" time="0.039" /><testcase classname="backend.tests.test_security_features.TestHealthEndpoint" name="test_monitoring_health" time="1.042" /></testsuite></testsuites>